09:56:00  INFO  manager.ApplicationManager - All tests run in Chrome Browser
09:56:02  INFO  manager.ApplicationManager - The link --->https://telranedu.web.app/home
09:56:02  INFO  tests.TestBase - Name of method -->removeAllContacts
09:56:02  INFO  manager.ListenerWD - before Find Elements --->By.xpath: //button[text()='Sign Out']
09:56:07  INFO  manager.ListenerWD - after Find Elements --->By.xpath: //button[text()='Sign Out']
09:56:07  INFO  manager.ListenerWD - list of elements is --->0
09:56:07  INFO  manager.ListenerWD - before Find Element --->By.cssSelector: a[href='/login']
09:56:07  INFO  manager.ListenerWD - after Find Element --->By.cssSelector: a[href='/login']
09:56:07  INFO  manager.ListenerWD - Location of element(1170, 34)
09:56:07  INFO  manager.ListenerWD - before Find Element --->By.name: email
09:56:07  INFO  manager.ListenerWD - after Find Element --->By.name: email
09:56:07  INFO  manager.ListenerWD - Location of element(440, 250)
09:56:08  INFO  manager.ListenerWD - before Find Element --->By.xpath: //input[last()]
09:56:08  INFO  manager.ListenerWD - after Find Element --->By.xpath: //input[last()]
09:56:08  INFO  manager.ListenerWD - Location of element(440, 320)
09:56:08  INFO  manager.ListenerWD - before Find Element --->By.xpath: //button[text()='Login']
09:56:08  INFO  manager.ListenerWD - after Find Element --->By.xpath: //button[text()='Login']
09:56:08  INFO  manager.ListenerWD - Location of element(440, 390)
09:56:08  INFO  manager.ListenerWD - before Find Elements --->By.cssSelector: .contact-item_card__2SOIM
09:56:10  INFO  manager.ListenerWD - after Find Elements --->By.cssSelector: .contact-item_card__2SOIM
09:56:10  INFO  manager.ListenerWD - list of elements is --->1
09:56:10  INFO  manager.ListenerWD - before Find Element --->By.cssSelector: a[href='/add']
09:56:10  INFO  manager.ListenerWD - after Find Element --->By.cssSelector: a[href='/add']
09:56:10  INFO  manager.ListenerWD - Location of element(998, 34)
09:56:10  INFO  manager.ListenerWD - before Find Element --->By.cssSelector: [placeholder='Name']
09:56:10  INFO  manager.ListenerWD - after Find Element --->By.cssSelector: [placeholder='Name']
09:56:10  INFO  manager.ListenerWD - Location of element(201, 165)
09:56:10  INFO  manager.ListenerWD - before Find Element --->By.cssSelector: [placeholder='Last Name']
09:56:10  INFO  manager.ListenerWD - after Find Element --->By.cssSelector: [placeholder='Last Name']
09:56:10  INFO  manager.ListenerWD - Location of element(201, 238)
09:56:10  INFO  manager.ListenerWD - before Find Element --->By.cssSelector: [placeholder='Phone']
09:56:10  INFO  manager.ListenerWD - after Find Element --->By.cssSelector: [placeholder='Phone']
09:56:10  INFO  manager.ListenerWD - Location of element(201, 311)
09:56:10  INFO  manager.ListenerWD - before Find Element --->By.cssSelector: [placeholder='email']
09:56:10  INFO  manager.ListenerWD - after Find Element --->By.cssSelector: [placeholder='email']
09:56:11  INFO  manager.ListenerWD - Location of element(201, 385)
09:56:11  INFO  manager.ListenerWD - before Find Element --->By.cssSelector: [placeholder='Address']
09:56:11  INFO  manager.ListenerWD - after Find Element --->By.cssSelector: [placeholder='Address']
09:56:11  INFO  manager.ListenerWD - Location of element(201, 458)
09:56:11  INFO  manager.ListenerWD - before Find Element --->By.cssSelector: [placeholder='description']
09:56:11  INFO  manager.ListenerWD - after Find Element --->By.cssSelector: [placeholder='description']
09:56:11  INFO  manager.ListenerWD - Location of element(201, 531)
09:56:11  INFO  manager.ListenerWD - before Find Element --->By.cssSelector: .add_form__2rsm2>button
09:56:11  INFO  manager.ListenerWD - after Find Element --->By.cssSelector: .add_form__2rsm2>button
09:56:11  INFO  manager.ListenerWD - Location of element(204, 605)
09:56:11  INFO  manager.ListenerWD - before Find Element --->By.cssSelector: .add_form__2rsm2>button
09:56:11  INFO  manager.ListenerWD - after Find Element --->By.cssSelector: .add_form__2rsm2>button
09:56:11  INFO  manager.ListenerWD - Location of element(204, 553)
09:56:12  INFO  manager.ListenerWD - before Find Element --->By.cssSelector: a[href='/add']
09:56:12  INFO  manager.ListenerWD - after Find Element --->By.cssSelector: a[href='/add']
09:56:12  INFO  manager.ListenerWD - Location of element(998, 34)
09:56:12  INFO  manager.ListenerWD - before Find Element --->By.cssSelector: [placeholder='Name']
09:56:12  INFO  manager.ListenerWD - after Find Element --->By.cssSelector: [placeholder='Name']
09:56:12  INFO  manager.ListenerWD - Location of element(201, 165)
09:56:12  INFO  manager.ListenerWD - before Find Element --->By.cssSelector: [placeholder='Last Name']
09:56:12  INFO  manager.ListenerWD - after Find Element --->By.cssSelector: [placeholder='Last Name']
09:56:12  INFO  manager.ListenerWD - Location of element(201, 238)
09:56:12  INFO  manager.ListenerWD - before Find Element --->By.cssSelector: [placeholder='Phone']
09:56:12  INFO  manager.ListenerWD - after Find Element --->By.cssSelector: [placeholder='Phone']
09:56:12  INFO  manager.ListenerWD - Location of element(201, 311)
09:56:13  INFO  manager.ListenerWD - before Find Element --->By.cssSelector: [placeholder='email']
09:56:13  INFO  manager.ListenerWD - after Find Element --->By.cssSelector: [placeholder='email']
09:56:13  INFO  manager.ListenerWD - Location of element(201, 385)
09:56:13  INFO  manager.ListenerWD - before Find Element --->By.cssSelector: [placeholder='Address']
09:56:13  INFO  manager.ListenerWD - after Find Element --->By.cssSelector: [placeholder='Address']
09:56:13  INFO  manager.ListenerWD - Location of element(201, 458)
09:56:13  INFO  manager.ListenerWD - before Find Element --->By.cssSelector: [placeholder='description']
09:56:13  INFO  manager.ListenerWD - after Find Element --->By.cssSelector: [placeholder='description']
09:56:13  INFO  manager.ListenerWD - Location of element(201, 531)
09:56:13  INFO  manager.ListenerWD - before Find Element --->By.cssSelector: .add_form__2rsm2>button
09:56:13  INFO  manager.ListenerWD - after Find Element --->By.cssSelector: .add_form__2rsm2>button
09:56:13  INFO  manager.ListenerWD - Location of element(204, 605)
09:56:13  INFO  manager.ListenerWD - before Find Element --->By.cssSelector: .add_form__2rsm2>button
09:56:13  INFO  manager.ListenerWD - after Find Element --->By.cssSelector: .add_form__2rsm2>button
09:56:13  INFO  manager.ListenerWD - Location of element(204, 553)
09:56:14  INFO  manager.ListenerWD - before Find Element --->By.cssSelector: a[href='/add']
09:56:14  INFO  manager.ListenerWD - after Find Element --->By.cssSelector: a[href='/add']
09:56:14  INFO  manager.ListenerWD - Location of element(984, -18)
09:56:14  INFO  manager.ListenerWD - before Find Element --->By.cssSelector: [placeholder='Name']
09:56:14  INFO  manager.ListenerWD - after Find Element --->By.cssSelector: [placeholder='Name']
09:56:14  INFO  manager.ListenerWD - Location of element(201, 125)
09:56:14  INFO  manager.ListenerWD - before Find Element --->By.cssSelector: [placeholder='Last Name']
09:56:14  INFO  manager.ListenerWD - after Find Element --->By.cssSelector: [placeholder='Last Name']
09:56:14  INFO  manager.ListenerWD - Location of element(201, 198)
09:56:14  INFO  manager.ListenerWD - before Find Element --->By.cssSelector: [placeholder='Phone']
09:56:14  INFO  manager.ListenerWD - after Find Element --->By.cssSelector: [placeholder='Phone']
09:56:14  INFO  manager.ListenerWD - Location of element(201, 271)
09:56:15  INFO  manager.ListenerWD - before Find Element --->By.cssSelector: [placeholder='email']
09:56:15  INFO  manager.ListenerWD - after Find Element --->By.cssSelector: [placeholder='email']
09:56:15  INFO  manager.ListenerWD - Location of element(201, 345)
09:56:15  INFO  manager.ListenerWD - before Find Element --->By.cssSelector: [placeholder='Address']
09:56:15  INFO  manager.ListenerWD - after Find Element --->By.cssSelector: [placeholder='Address']
09:56:15  INFO  manager.ListenerWD - Location of element(201, 418)
09:56:15  INFO  manager.ListenerWD - before Find Element --->By.cssSelector: [placeholder='description']
09:56:15  INFO  manager.ListenerWD - after Find Element --->By.cssSelector: [placeholder='description']
09:56:15  INFO  manager.ListenerWD - Location of element(201, 491)
09:56:15  INFO  manager.ListenerWD - before Find Element --->By.cssSelector: .add_form__2rsm2>button
09:56:15  INFO  manager.ListenerWD - after Find Element --->By.cssSelector: .add_form__2rsm2>button
09:56:15  INFO  manager.ListenerWD - Location of element(204, 565)
09:56:15  INFO  manager.ListenerWD - before Find Element --->By.cssSelector: .add_form__2rsm2>button
09:56:15  INFO  manager.ListenerWD - after Find Element --->By.cssSelector: .add_form__2rsm2>button
09:56:15  INFO  manager.ListenerWD - Location of element(204, 565)
09:56:16  INFO  manager.ListenerWD - before Find Elements --->By.cssSelector: .contact-item_card__2SOIM
09:56:16  INFO  manager.ListenerWD - after Find Elements --->By.cssSelector: .contact-item_card__2SOIM
09:56:16  INFO  manager.ListenerWD - list of elements is --->4
09:56:16  INFO  manager.ListenerWD - before Find Element --->By.cssSelector: .contact-item_card__2SOIM
09:56:16  INFO  manager.ListenerWD - after Find Element --->By.cssSelector: .contact-item_card__2SOIM
09:56:16  INFO  manager.ListenerWD - Location of element(192, 150)
09:56:16  INFO  manager.ListenerWD - before Find Element --->By.xpath: //button[text()='Remove']
09:56:16  INFO  manager.ListenerWD - after Find Element --->By.xpath: //button[text()='Remove']
09:56:16  INFO  manager.ListenerWD - Location of element(635, 370)
09:56:17  INFO  manager.ListenerWD - before Find Elements --->By.cssSelector: .contact-item_card__2SOIM
09:56:17  INFO  manager.ListenerWD - after Find Elements --->By.cssSelector: .contact-item_card__2SOIM
09:56:17  INFO  manager.ListenerWD - list of elements is --->3
09:56:17  INFO  manager.ListenerWD - before Find Element --->By.cssSelector: .contact-item_card__2SOIM
09:56:17  INFO  manager.ListenerWD - after Find Element --->By.cssSelector: .contact-item_card__2SOIM
09:56:17  INFO  manager.ListenerWD - Location of element(192, 150)
09:56:17  INFO  manager.ListenerWD - before Find Element --->By.xpath: //button[text()='Remove']
09:56:18  INFO  manager.ListenerWD - after Find Element --->By.xpath: //button[text()='Remove']
09:56:18  INFO  manager.ListenerWD - Location of element(635, 370)
09:56:19  INFO  manager.ListenerWD - before Find Elements --->By.cssSelector: .contact-item_card__2SOIM
09:56:19  INFO  manager.ListenerWD - after Find Elements --->By.cssSelector: .contact-item_card__2SOIM
09:56:19  INFO  manager.ListenerWD - list of elements is --->2
09:56:19  INFO  manager.ListenerWD - before Find Element --->By.cssSelector: .contact-item_card__2SOIM
09:56:19  INFO  manager.ListenerWD - after Find Element --->By.cssSelector: .contact-item_card__2SOIM
09:56:19  INFO  manager.ListenerWD - Location of element(192, 150)
09:56:19  INFO  manager.ListenerWD - before Find Element --->By.xpath: //button[text()='Remove']
09:56:19  INFO  manager.ListenerWD - after Find Element --->By.xpath: //button[text()='Remove']
09:56:19  INFO  manager.ListenerWD - Location of element(635, 370)
09:56:20  INFO  manager.ListenerWD - before Find Elements --->By.cssSelector: .contact-item_card__2SOIM
09:56:20  INFO  manager.ListenerWD - after Find Elements --->By.cssSelector: .contact-item_card__2SOIM
09:56:20  INFO  manager.ListenerWD - list of elements is --->1
09:56:20  INFO  manager.ListenerWD - before Find Element --->By.cssSelector: .contact-item_card__2SOIM
09:56:20  INFO  manager.ListenerWD - after Find Element --->By.cssSelector: .contact-item_card__2SOIM
09:56:20  INFO  manager.ListenerWD - Location of element(192, 150)
09:56:20  INFO  manager.ListenerWD - before Find Element --->By.xpath: //button[text()='Remove']
09:56:20  INFO  manager.ListenerWD - after Find Element --->By.xpath: //button[text()='Remove']
09:56:20  INFO  manager.ListenerWD - Location of element(635, 370)
09:56:21  INFO  manager.ListenerWD - before Find Elements --->By.cssSelector: .contact-item_card__2SOIM
09:56:26  INFO  manager.ListenerWD - after Find Elements --->By.cssSelector: .contact-item_card__2SOIM
09:56:26  INFO  manager.ListenerWD - list of elements is --->0
09:56:26  INFO  manager.ListenerWD - before Find Element --->By.cssSelector: .contact-page_message__2qafk>h1
09:56:26  INFO  manager.ListenerWD - after Find Element --->By.cssSelector: .contact-page_message__2qafk>h1
09:56:26  INFO  manager.ListenerWD - Location of element(505, 271)
09:56:26  INFO  manager.ListenerWD - before Find Element --->By.cssSelector: .contact-page_message__2qafk>h1
09:56:26  INFO  manager.ListenerWD - after Find Element --->By.cssSelector: .contact-page_message__2qafk>h1
09:56:26  INFO  manager.ListenerWD - Location of element(505, 271)
09:56:26  INFO  tests.TestBase - Name of method -->removeFirstContact
09:56:26  INFO  manager.ListenerWD - before Find Elements --->By.xpath: //button[text()='Sign Out']
09:56:26  INFO  manager.ListenerWD - after Find Elements --->By.xpath: //button[text()='Sign Out']
09:56:26  INFO  manager.ListenerWD - list of elements is --->1
09:56:26  INFO  manager.ListenerWD - before Find Elements --->By.cssSelector: .contact-item_card__2SOIM
09:56:31  INFO  manager.ListenerWD - after Find Elements --->By.cssSelector: .contact-item_card__2SOIM
09:56:31  INFO  manager.ListenerWD - list of elements is --->0
09:56:31  INFO  manager.ListenerWD - before Find Element --->By.cssSelector: a[href='/add']
09:56:31  INFO  manager.ListenerWD - after Find Element --->By.cssSelector: a[href='/add']
09:56:31  INFO  manager.ListenerWD - Location of element(998, 34)
09:56:31  INFO  manager.ListenerWD - before Find Element --->By.cssSelector: [placeholder='Name']
09:56:31  INFO  manager.ListenerWD - after Find Element --->By.cssSelector: [placeholder='Name']
09:56:31  INFO  manager.ListenerWD - Location of element(201, 165)
09:56:31  INFO  manager.ListenerWD - before Find Element --->By.cssSelector: [placeholder='Last Name']
09:56:31  INFO  manager.ListenerWD - after Find Element --->By.cssSelector: [placeholder='Last Name']
09:56:31  INFO  manager.ListenerWD - Location of element(201, 238)
09:56:32  INFO  manager.ListenerWD - before Find Element --->By.cssSelector: [placeholder='Phone']
09:56:32  INFO  manager.ListenerWD - after Find Element --->By.cssSelector: [placeholder='Phone']
09:56:32  INFO  manager.ListenerWD - Location of element(201, 311)
09:56:32  INFO  manager.ListenerWD - before Find Element --->By.cssSelector: [placeholder='email']
09:56:32  INFO  manager.ListenerWD - after Find Element --->By.cssSelector: [placeholder='email']
09:56:32  INFO  manager.ListenerWD - Location of element(201, 385)
09:56:32  INFO  manager.ListenerWD - before Find Element --->By.cssSelector: [placeholder='Address']
09:56:32  INFO  manager.ListenerWD - after Find Element --->By.cssSelector: [placeholder='Address']
09:56:32  INFO  manager.ListenerWD - Location of element(201, 458)
09:56:32  INFO  manager.ListenerWD - before Find Element --->By.cssSelector: [placeholder='description']
09:56:32  INFO  manager.ListenerWD - after Find Element --->By.cssSelector: [placeholder='description']
09:56:32  INFO  manager.ListenerWD - Location of element(201, 531)
09:56:32  INFO  manager.ListenerWD - before Find Element --->By.cssSelector: .add_form__2rsm2>button
09:56:32  INFO  manager.ListenerWD - after Find Element --->By.cssSelector: .add_form__2rsm2>button
09:56:32  INFO  manager.ListenerWD - Location of element(204, 605)
09:56:33  INFO  manager.ListenerWD - before Find Element --->By.cssSelector: .add_form__2rsm2>button
09:56:33  INFO  manager.ListenerWD - after Find Element --->By.cssSelector: .add_form__2rsm2>button
09:56:33  INFO  manager.ListenerWD - Location of element(204, 553)
09:56:33  INFO  manager.ListenerWD - before Find Element --->By.cssSelector: a[href='/add']
09:56:33  INFO  manager.ListenerWD - after Find Element --->By.cssSelector: a[href='/add']
09:56:33  INFO  manager.ListenerWD - Location of element(985, -6)
09:56:34  INFO  manager.ListenerWD - before Find Element --->By.cssSelector: [placeholder='Name']
09:56:34  INFO  manager.ListenerWD - after Find Element --->By.cssSelector: [placeholder='Name']
09:56:34  INFO  manager.ListenerWD - Location of element(201, 125)
09:56:34  INFO  manager.ListenerWD - before Find Element --->By.cssSelector: [placeholder='Last Name']
09:56:34  INFO  manager.ListenerWD - after Find Element --->By.cssSelector: [placeholder='Last Name']
09:56:34  INFO  manager.ListenerWD - Location of element(201, 198)
09:56:34  INFO  manager.ListenerWD - before Find Element --->By.cssSelector: [placeholder='Phone']
09:56:34  INFO  manager.ListenerWD - after Find Element --->By.cssSelector: [placeholder='Phone']
09:56:34  INFO  manager.ListenerWD - Location of element(201, 271)
09:56:34  INFO  manager.ListenerWD - before Find Element --->By.cssSelector: [placeholder='email']
09:56:34  INFO  manager.ListenerWD - after Find Element --->By.cssSelector: [placeholder='email']
09:56:34  INFO  manager.ListenerWD - Location of element(201, 345)
09:56:34  INFO  manager.ListenerWD - before Find Element --->By.cssSelector: [placeholder='Address']
09:56:34  INFO  manager.ListenerWD - after Find Element --->By.cssSelector: [placeholder='Address']
09:56:34  INFO  manager.ListenerWD - Location of element(201, 418)
09:56:35  INFO  manager.ListenerWD - before Find Element --->By.cssSelector: [placeholder='description']
09:56:35  INFO  manager.ListenerWD - after Find Element --->By.cssSelector: [placeholder='description']
09:56:35  INFO  manager.ListenerWD - Location of element(201, 491)
09:56:35  INFO  manager.ListenerWD - before Find Element --->By.cssSelector: .add_form__2rsm2>button
09:56:35  INFO  manager.ListenerWD - after Find Element --->By.cssSelector: .add_form__2rsm2>button
09:56:35  INFO  manager.ListenerWD - Location of element(204, 565)
09:56:35  INFO  manager.ListenerWD - before Find Element --->By.cssSelector: .add_form__2rsm2>button
09:56:35  INFO  manager.ListenerWD - after Find Element --->By.cssSelector: .add_form__2rsm2>button
09:56:35  INFO  manager.ListenerWD - Location of element(204, 565)
09:56:35  INFO  manager.ListenerWD - before Find Element --->By.cssSelector: a[href='/add']
09:56:35  INFO  manager.ListenerWD - after Find Element --->By.cssSelector: a[href='/add']
09:56:35  INFO  manager.ListenerWD - Location of element(998, 34)
09:56:35  INFO  manager.ListenerWD - before Find Element --->By.cssSelector: [placeholder='Name']
09:56:36  INFO  manager.ListenerWD - after Find Element --->By.cssSelector: [placeholder='Name']
09:56:36  INFO  manager.ListenerWD - Location of element(201, 165)
09:56:36  INFO  manager.ListenerWD - before Find Element --->By.cssSelector: [placeholder='Last Name']
09:56:36  INFO  manager.ListenerWD - after Find Element --->By.cssSelector: [placeholder='Last Name']
09:56:36  INFO  manager.ListenerWD - Location of element(201, 238)
09:56:36  INFO  manager.ListenerWD - before Find Element --->By.cssSelector: [placeholder='Phone']
09:56:36  INFO  manager.ListenerWD - after Find Element --->By.cssSelector: [placeholder='Phone']
09:56:36  INFO  manager.ListenerWD - Location of element(201, 311)
09:56:36  INFO  manager.ListenerWD - before Find Element --->By.cssSelector: [placeholder='email']
09:56:36  INFO  manager.ListenerWD - after Find Element --->By.cssSelector: [placeholder='email']
09:56:36  INFO  manager.ListenerWD - Location of element(201, 385)
09:56:36  INFO  manager.ListenerWD - before Find Element --->By.cssSelector: [placeholder='Address']
09:56:36  INFO  manager.ListenerWD - after Find Element --->By.cssSelector: [placeholder='Address']
09:56:36  INFO  manager.ListenerWD - Location of element(201, 458)
09:56:36  INFO  manager.ListenerWD - before Find Element --->By.cssSelector: [placeholder='description']
09:56:36  INFO  manager.ListenerWD - after Find Element --->By.cssSelector: [placeholder='description']
09:56:36  INFO  manager.ListenerWD - Location of element(201, 531)
09:56:37  INFO  manager.ListenerWD - before Find Element --->By.cssSelector: .add_form__2rsm2>button
09:56:37  INFO  manager.ListenerWD - after Find Element --->By.cssSelector: .add_form__2rsm2>button
09:56:37  INFO  manager.ListenerWD - Location of element(204, 605)
09:56:37  INFO  manager.ListenerWD - before Find Element --->By.cssSelector: .add_form__2rsm2>button
09:56:37  INFO  manager.ListenerWD - after Find Element --->By.cssSelector: .add_form__2rsm2>button
09:56:37  INFO  manager.ListenerWD - Location of element(204, 553)
09:56:37  INFO  manager.ListenerWD - before Find Elements --->By.cssSelector: .contact-item_card__2SOIM
09:56:37  INFO  manager.ListenerWD - after Find Elements --->By.cssSelector: .contact-item_card__2SOIM
09:56:37  INFO  manager.ListenerWD - list of elements is --->3
09:56:37  INFO  manager.HelperBase - Number of contacts list before remove --->3
09:56:37  INFO  manager.ListenerWD - before Find Element --->By.cssSelector: .contact-item_card__2SOIM
09:56:37  INFO  manager.ListenerWD - after Find Element --->By.cssSelector: .contact-item_card__2SOIM
09:56:37  INFO  manager.ListenerWD - Location of element(192, 150)
09:56:37  INFO  manager.ListenerWD - before Find Element --->By.xpath: //button[text()='Remove']
09:56:37  INFO  manager.ListenerWD - after Find Element --->By.xpath: //button[text()='Remove']
09:56:37  INFO  manager.ListenerWD - Location of element(635, 370)
09:56:38  INFO  manager.ListenerWD - before Find Elements --->By.cssSelector: .contact-item_card__2SOIM
09:56:39  INFO  manager.ListenerWD - after Find Elements --->By.cssSelector: .contact-item_card__2SOIM
09:56:39  INFO  manager.ListenerWD - list of elements is --->2
09:56:39  INFO  manager.HelperBase - Number of contacts list after remove --->2
