19:06:08  INFO  manager.ApplicationManager - The link --->https://telranedu.web.app/home
19:06:08  INFO  tests.TestBase - Name of method -->loginWrongEmail
19:06:08  INFO  manager.ListenerWD - before Find Elements --->By.xpath: //button[text()='Sign Out']
19:06:13  INFO  manager.ListenerWD - after Find Elements --->By.xpath: //button[text()='Sign Out']
19:06:13  INFO  manager.ListenerWD - list of elements is --->0
19:06:13  INFO  tests.TestBase - Test data ----> email: p.v.2977187' & password : 'P29348092l@'
19:06:13  INFO  manager.ListenerWD - before Find Element --->By.cssSelector: a[href='/login']
19:06:13  INFO  manager.ListenerWD - after Find Element --->By.cssSelector: a[href='/login']
19:06:13  INFO  manager.ListenerWD - Location of element(1170, 34)
19:06:13  INFO  manager.ListenerWD - before Find Element --->By.name: email
19:06:13  INFO  manager.ListenerWD - after Find Element --->By.name: email
19:06:13  INFO  manager.ListenerWD - Location of element(440, 250)
19:06:16  INFO  manager.ListenerWD - before Find Element --->By.xpath: //input[last()]
19:06:16  INFO  manager.ListenerWD - after Find Element --->By.xpath: //input[last()]
19:06:16  INFO  manager.ListenerWD - Location of element(440, 320)
19:06:17  INFO  manager.ListenerWD - before Find Element --->By.xpath: //button[text()='Login']
19:06:17  INFO  manager.ListenerWD - after Find Element --->By.xpath: //button[text()='Login']
19:06:17  INFO  manager.ListenerWD - Location of element(440, 390)
19:06:17  INFO  manager.ListenerWD - Huston we have a problem!
19:06:17  INFO  manager.ListenerWD - Object target --->org.openqa.selenium.remote.RemoteWebDriver$RemoteTargetLocator@348d18a3
19:06:17  INFO  manager.ListenerWD - ***********************
19:06:17  INFO  manager.ListenerWD - alert
19:06:17  INFO  manager.ListenerWD - ***********************
19:06:17  INFO  manager.ListenerWD - ***********************
19:06:17  INFO  manager.ListenerWD - ***********************
19:06:17  INFO  manager.ListenerWD - InvocationTargetException & getTargetExceptionorg.openqa.selenium.NoAlertPresentException: no such alert
  (Session info: chrome=112.0.5615.138)
Build info: version: '4.7.0', revision: '0a5b49d16f'
System info: os.name: 'Windows 11', os.arch: 'amd64', os.version: '10.0', java.version: '1.8.0_361'
Driver info: org.openqa.selenium.chrome.ChromeDriver
Command: [7c422c13b261715823a7fb97b4bce801, getAlertText {}]
Capabilities {acceptInsecureCerts: false, browserName: chrome, browserVersion: 112.0.5615.138, chrome: {chromedriverVersion: 112.0.5615.49 (bd2a7bcb881c..., userDataDir: C:\Users\pv297\AppData\Loca...}, goog:chromeOptions: {debuggerAddress: localhost:56150}, networkConnectionEnabled: false, pageLoadStrategy: normal, platformName: WINDOWS, proxy: Proxy(), se:cdp: ws://localhost:56150/devtoo..., se:cdpVersion: 112.0.5615.138, setWindowRect: true, strictFileInteractability: false, timeouts: {implicit: 0, pageLoad: 300000, script: 30000}, unhandledPromptBehavior: dismiss and notify, webauthn:extension:credBlob: true, webauthn:extension:largeBlob: true, webauthn:extension:minPinLength: true, webauthn:extension:prf: true, webauthn:virtualAuthenticators: true}
Session ID: 7c422c13b261715823a7fb97b4bce801
19:06:17  INFO  manager.ListenerWD - ***********************
19:06:17  INFO  manager.ListenerWD - Screen with error is --->src/test/screenshots/screen_1732.png
19:06:18  INFO  manager.ListenerWD - Huston we have a problem!
19:06:18  INFO  manager.ListenerWD - Object target --->org.openqa.selenium.remote.RemoteWebDriver$RemoteTargetLocator@74075134
19:06:18  INFO  manager.ListenerWD - ***********************
19:06:18  INFO  manager.ListenerWD - alert
19:06:18  INFO  manager.ListenerWD - ***********************
19:06:18  INFO  manager.ListenerWD - ***********************
19:06:18  INFO  manager.ListenerWD - ***********************
19:06:18  INFO  manager.ListenerWD - InvocationTargetException & getTargetExceptionorg.openqa.selenium.NoAlertPresentException: no such alert
  (Session info: chrome=112.0.5615.138)
Build info: version: '4.7.0', revision: '0a5b49d16f'
System info: os.name: 'Windows 11', os.arch: 'amd64', os.version: '10.0', java.version: '1.8.0_361'
Driver info: org.openqa.selenium.chrome.ChromeDriver
Command: [7c422c13b261715823a7fb97b4bce801, getAlertText {}]
Capabilities {acceptInsecureCerts: false, browserName: chrome, browserVersion: 112.0.5615.138, chrome: {chromedriverVersion: 112.0.5615.49 (bd2a7bcb881c..., userDataDir: C:\Users\pv297\AppData\Loca...}, goog:chromeOptions: {debuggerAddress: localhost:56150}, networkConnectionEnabled: false, pageLoadStrategy: normal, platformName: WINDOWS, proxy: Proxy(), se:cdp: ws://localhost:56150/devtoo..., se:cdpVersion: 112.0.5615.138, setWindowRect: true, strictFileInteractability: false, timeouts: {implicit: 0, pageLoad: 300000, script: 30000}, unhandledPromptBehavior: dismiss and notify, webauthn:extension:credBlob: true, webauthn:extension:largeBlob: true, webauthn:extension:minPinLength: true, webauthn:extension:prf: true, webauthn:virtualAuthenticators: true}
Session ID: 7c422c13b261715823a7fb97b4bce801
19:06:18  INFO  manager.ListenerWD - ***********************
19:06:18  INFO  manager.ListenerWD - Screen with error is --->src/test/screenshots/screen_1435.png
19:06:19  INFO  tests.TestBase - Assert check is alert present with error text 'Wrong email or password'
19:06:19  INFO  tests.TestBase - Name of method -->registrationWrongEmail
19:06:19  INFO  manager.ListenerWD - before Find Elements --->By.xpath: //button[text()='Sign Out']
19:06:24  INFO  manager.ListenerWD - after Find Elements --->By.xpath: //button[text()='Sign Out']
19:06:24  INFO  manager.ListenerWD - list of elements is --->0
19:06:24  INFO  tests.TestBase - Tests run with data: --->User{email='nilgmail.com', password='Nil12345@'}
19:06:24  INFO  manager.ListenerWD - before Find Element --->By.cssSelector: a[href='/login']
19:06:24  INFO  manager.ListenerWD - after Find Element --->By.cssSelector: a[href='/login']
19:06:24  INFO  manager.ListenerWD - Location of element(1169, 33)
19:06:24  INFO  manager.ListenerWD - before Find Element --->By.name: email
19:06:24  INFO  manager.ListenerWD - after Find Element --->By.name: email
19:06:24  INFO  manager.ListenerWD - Location of element(440, 281)
19:06:24  INFO  manager.ListenerWD - before Find Element --->By.xpath: //input[last()]
19:06:25  INFO  manager.ListenerWD - after Find Element --->By.xpath: //input[last()]
19:06:25  INFO  manager.ListenerWD - Location of element(440, 351)
19:06:25  INFO  manager.ListenerWD - before Find Element --->By.xpath: //button[text()='Registration']
19:06:25  INFO  manager.ListenerWD - after Find Element --->By.xpath: //button[text()='Registration']
19:06:25  INFO  manager.ListenerWD - Location of element(690, 421)
19:06:25  INFO  manager.ListenerWD - Huston we have a problem!
19:06:25  INFO  manager.ListenerWD - Object target --->org.openqa.selenium.remote.RemoteWebDriver$RemoteTargetLocator@15e0fe05
19:06:25  INFO  manager.ListenerWD - ***********************
19:06:25  INFO  manager.ListenerWD - alert
19:06:25  INFO  manager.ListenerWD - ***********************
19:06:25  INFO  manager.ListenerWD - ***********************
19:06:25  INFO  manager.ListenerWD - ***********************
19:06:25  INFO  manager.ListenerWD - InvocationTargetException & getTargetExceptionorg.openqa.selenium.NoAlertPresentException: no such alert
  (Session info: chrome=112.0.5615.138)
Build info: version: '4.7.0', revision: '0a5b49d16f'
System info: os.name: 'Windows 11', os.arch: 'amd64', os.version: '10.0', java.version: '1.8.0_361'
Driver info: org.openqa.selenium.chrome.ChromeDriver
Command: [7c422c13b261715823a7fb97b4bce801, getAlertText {}]
Capabilities {acceptInsecureCerts: false, browserName: chrome, browserVersion: 112.0.5615.138, chrome: {chromedriverVersion: 112.0.5615.49 (bd2a7bcb881c..., userDataDir: C:\Users\pv297\AppData\Loca...}, goog:chromeOptions: {debuggerAddress: localhost:56150}, networkConnectionEnabled: false, pageLoadStrategy: normal, platformName: WINDOWS, proxy: Proxy(), se:cdp: ws://localhost:56150/devtoo..., se:cdpVersion: 112.0.5615.138, setWindowRect: true, strictFileInteractability: false, timeouts: {implicit: 0, pageLoad: 300000, script: 30000}, unhandledPromptBehavior: dismiss and notify, webauthn:extension:credBlob: true, webauthn:extension:largeBlob: true, webauthn:extension:minPinLength: true, webauthn:extension:prf: true, webauthn:virtualAuthenticators: true}
Session ID: 7c422c13b261715823a7fb97b4bce801
19:06:25  INFO  manager.ListenerWD - ***********************
19:06:25  INFO  manager.ListenerWD - Screen with error is --->src/test/screenshots/screen_1739.png
19:06:26  INFO  manager.ListenerWD - Huston we have a problem!
19:06:26  INFO  manager.ListenerWD - Object target --->org.openqa.selenium.remote.RemoteWebDriver$RemoteTargetLocator@f446158
19:06:26  INFO  manager.ListenerWD - ***********************
19:06:26  INFO  manager.ListenerWD - alert
19:06:26  INFO  manager.ListenerWD - ***********************
19:06:26  INFO  manager.ListenerWD - ***********************
19:06:26  INFO  manager.ListenerWD - ***********************
19:06:26  INFO  manager.ListenerWD - InvocationTargetException & getTargetExceptionorg.openqa.selenium.NoAlertPresentException: no such alert
  (Session info: chrome=112.0.5615.138)
Build info: version: '4.7.0', revision: '0a5b49d16f'
System info: os.name: 'Windows 11', os.arch: 'amd64', os.version: '10.0', java.version: '1.8.0_361'
Driver info: org.openqa.selenium.chrome.ChromeDriver
Command: [7c422c13b261715823a7fb97b4bce801, getAlertText {}]
Capabilities {acceptInsecureCerts: false, browserName: chrome, browserVersion: 112.0.5615.138, chrome: {chromedriverVersion: 112.0.5615.49 (bd2a7bcb881c..., userDataDir: C:\Users\pv297\AppData\Loca...}, goog:chromeOptions: {debuggerAddress: localhost:56150}, networkConnectionEnabled: false, pageLoadStrategy: normal, platformName: WINDOWS, proxy: Proxy(), se:cdp: ws://localhost:56150/devtoo..., se:cdpVersion: 112.0.5615.138, setWindowRect: true, strictFileInteractability: false, timeouts: {implicit: 0, pageLoad: 300000, script: 30000}, unhandledPromptBehavior: dismiss and notify, webauthn:extension:credBlob: true, webauthn:extension:largeBlob: true, webauthn:extension:minPinLength: true, webauthn:extension:prf: true, webauthn:virtualAuthenticators: true}
Session ID: 7c422c13b261715823a7fb97b4bce801
19:06:26  INFO  manager.ListenerWD - ***********************
19:06:26  INFO  manager.ListenerWD - Screen with error is --->src/test/screenshots/screen_1537.png
19:06:26  INFO  manager.ListenerWD - before Find Elements --->By.xpath: //button[text()='Sign Out']
19:06:32  INFO  manager.ListenerWD - after Find Elements --->By.xpath: //button[text()='Sign Out']
19:06:32  INFO  manager.ListenerWD - list of elements is --->0
19:06:32  INFO  manager.ListenerWD - before Find Element --->By.cssSelector: a[href='/login']
19:06:32  INFO  manager.ListenerWD - after Find Element --->By.cssSelector: a[href='/login']
19:06:32  INFO  manager.ListenerWD - Location of element(1169, 33)
19:06:32  INFO  manager.ListenerWD - before Find Element --->By.name: email
19:06:32  INFO  manager.ListenerWD - after Find Element --->By.name: email
19:06:32  INFO  manager.ListenerWD - Location of element(440, 281)
19:06:32  INFO  manager.ListenerWD - before Find Element --->By.xpath: //input[last()]
19:06:32  INFO  manager.ListenerWD - after Find Element --->By.xpath: //input[last()]
19:06:32  INFO  manager.ListenerWD - Location of element(440, 351)
19:06:33  INFO  manager.ListenerWD - before Find Element --->By.xpath: //button[text()='Login']
19:06:33  INFO  manager.ListenerWD - after Find Element --->By.xpath: //button[text()='Login']
19:06:33  INFO  manager.ListenerWD - Location of element(440, 421)
19:06:33  INFO  tests.TestBase - Name of method -->addNewContactSuccessRequiredFields
19:06:33  INFO  tests.TestBase - Tests run with data: --->Contact(name=Tom1692, lastName=Tomson, phone=3456781692, email=tomtom1692@gmail.com, address=Holon, description=)
19:06:33  INFO  manager.ListenerWD - before Find Element --->By.cssSelector: a[href='/add']
19:06:33  INFO  manager.ListenerWD - after Find Element --->By.cssSelector: a[href='/add']
19:06:33  INFO  manager.ListenerWD - Location of element(985, 34)
19:06:33  INFO  manager.ListenerWD - before Find Element --->By.cssSelector: [placeholder='Name']
19:06:34  INFO  manager.ListenerWD - after Find Element --->By.cssSelector: [placeholder='Name']
19:06:34  INFO  manager.ListenerWD - Location of element(201, 165)
19:06:34  INFO  manager.ListenerWD - before Find Element --->By.cssSelector: [placeholder='Last Name']
19:06:34  INFO  manager.ListenerWD - after Find Element --->By.cssSelector: [placeholder='Last Name']
19:06:34  INFO  manager.ListenerWD - Location of element(201, 238)
19:06:34  INFO  manager.ListenerWD - before Find Element --->By.cssSelector: [placeholder='Phone']
19:06:34  INFO  manager.ListenerWD - after Find Element --->By.cssSelector: [placeholder='Phone']
19:06:34  INFO  manager.ListenerWD - Location of element(201, 311)
19:06:35  INFO  manager.ListenerWD - before Find Element --->By.cssSelector: [placeholder='email']
19:06:35  INFO  manager.ListenerWD - after Find Element --->By.cssSelector: [placeholder='email']
19:06:35  INFO  manager.ListenerWD - Location of element(201, 385)
19:06:36  INFO  manager.ListenerWD - before Find Element --->By.cssSelector: [placeholder='Address']
19:06:36  INFO  manager.ListenerWD - after Find Element --->By.cssSelector: [placeholder='Address']
19:06:36  INFO  manager.ListenerWD - Location of element(201, 458)
19:06:36  INFO  manager.ListenerWD - before Find Element --->By.cssSelector: [placeholder='description']
19:06:36  INFO  manager.ListenerWD - after Find Element --->By.cssSelector: [placeholder='description']
19:06:36  INFO  manager.ListenerWD - Location of element(201, 531)
19:06:36  INFO  manager.ListenerWD - before Find Element --->By.cssSelector: .add_form__2rsm2>button
19:06:36  INFO  manager.ListenerWD - after Find Element --->By.cssSelector: .add_form__2rsm2>button
19:06:36  INFO  manager.ListenerWD - Location of element(204, 605)
19:06:37  INFO  manager.ListenerWD - before Find Element --->By.cssSelector: .add_form__2rsm2>button
19:06:37  INFO  manager.ListenerWD - after Find Element --->By.cssSelector: .add_form__2rsm2>button
19:06:37  INFO  manager.ListenerWD - Location of element(204, 553)
19:06:37  INFO  manager.ListenerWD - before Find Elements --->By.cssSelector: h2
19:06:38  INFO  manager.ListenerWD - after Find Elements --->By.cssSelector: h2
19:06:38  INFO  manager.ListenerWD - list of elements is --->13
19:06:38  INFO  manager.ListenerWD - before Find Elements --->By.cssSelector: h3
19:06:38  INFO  manager.ListenerWD - after Find Elements --->By.cssSelector: h3
19:06:38  INFO  manager.ListenerWD - list of elements is --->13
19:06:39  INFO  tests.TestBase - Name of method -->addNewContactWrongEmail
19:06:39  INFO  tests.TestBase - Tests run with data: --->Contact(name=Tom, lastName=Tomson, phone=34567890123, email=tomtomgmail.com, address=Holon, description=wrong email)
19:06:39  INFO  manager.ListenerWD - before Find Element --->By.cssSelector: a[href='/add']
19:06:39  INFO  manager.ListenerWD - after Find Element --->By.cssSelector: a[href='/add']
19:06:39  INFO  manager.ListenerWD - Location of element(998, 34)
19:06:39  INFO  manager.ListenerWD - before Find Element --->By.cssSelector: [placeholder='Name']
19:06:39  INFO  manager.ListenerWD - after Find Element --->By.cssSelector: [placeholder='Name']
19:06:39  INFO  manager.ListenerWD - Location of element(201, 165)
19:06:39  INFO  manager.ListenerWD - before Find Element --->By.cssSelector: [placeholder='Last Name']
19:06:39  INFO  manager.ListenerWD - after Find Element --->By.cssSelector: [placeholder='Last Name']
19:06:39  INFO  manager.ListenerWD - Location of element(201, 238)
19:06:39  INFO  manager.ListenerWD - before Find Element --->By.cssSelector: [placeholder='Phone']
19:06:39  INFO  manager.ListenerWD - after Find Element --->By.cssSelector: [placeholder='Phone']
19:06:39  INFO  manager.ListenerWD - Location of element(201, 311)
19:06:40  INFO  manager.ListenerWD - before Find Element --->By.cssSelector: [placeholder='email']
19:06:40  INFO  manager.ListenerWD - after Find Element --->By.cssSelector: [placeholder='email']
19:06:40  INFO  manager.ListenerWD - Location of element(201, 385)
19:06:40  INFO  manager.ListenerWD - before Find Element --->By.cssSelector: [placeholder='Address']
19:06:40  INFO  manager.ListenerWD - after Find Element --->By.cssSelector: [placeholder='Address']
19:06:40  INFO  manager.ListenerWD - Location of element(201, 458)
19:06:40  INFO  manager.ListenerWD - before Find Element --->By.cssSelector: [placeholder='description']
19:06:40  INFO  manager.ListenerWD - after Find Element --->By.cssSelector: [placeholder='description']
19:06:40  INFO  manager.ListenerWD - Location of element(201, 531)
19:06:41  INFO  manager.ListenerWD - before Find Element --->By.cssSelector: .add_form__2rsm2>button
19:06:41  INFO  manager.ListenerWD - after Find Element --->By.cssSelector: .add_form__2rsm2>button
19:06:41  INFO  manager.ListenerWD - Location of element(204, 605)
19:06:41  INFO  manager.ListenerWD - before Find Element --->By.cssSelector: .add_form__2rsm2>button
19:06:41  INFO  manager.ListenerWD - after Find Element --->By.cssSelector: .add_form__2rsm2>button
19:06:41  INFO  manager.ListenerWD - Location of element(204, 553)
19:06:41  INFO  manager.ListenerWD - before Find Elements --->By.xpath: //a[@href='/add' and @class='active']
19:06:41  INFO  manager.ListenerWD - after Find Elements --->By.xpath: //a[@href='/add' and @class='active']
19:06:41  INFO  manager.ListenerWD - list of elements is --->1
19:06:41  INFO  manager.ListenerWD - Huston we have a problem!
19:06:41  INFO  manager.ListenerWD - Object target --->org.openqa.selenium.remote.RemoteWebDriver$RemoteTargetLocator@7b676112
19:06:41  INFO  manager.ListenerWD - ***********************
19:06:41  INFO  manager.ListenerWD - alert
19:06:41  INFO  manager.ListenerWD - ***********************
19:06:41  INFO  manager.ListenerWD - ***********************
19:06:41  INFO  manager.ListenerWD - ***********************
19:06:41  INFO  manager.ListenerWD - InvocationTargetException & getTargetExceptionorg.openqa.selenium.NoAlertPresentException: no such alert
  (Session info: chrome=112.0.5615.138)
Build info: version: '4.7.0', revision: '0a5b49d16f'
System info: os.name: 'Windows 11', os.arch: 'amd64', os.version: '10.0', java.version: '1.8.0_361'
Driver info: org.openqa.selenium.chrome.ChromeDriver
Command: [7c422c13b261715823a7fb97b4bce801, getAlertText {}]
Capabilities {acceptInsecureCerts: false, browserName: chrome, browserVersion: 112.0.5615.138, chrome: {chromedriverVersion: 112.0.5615.49 (bd2a7bcb881c..., userDataDir: C:\Users\pv297\AppData\Loca...}, goog:chromeOptions: {debuggerAddress: localhost:56150}, networkConnectionEnabled: false, pageLoadStrategy: normal, platformName: WINDOWS, proxy: Proxy(), se:cdp: ws://localhost:56150/devtoo..., se:cdpVersion: 112.0.5615.138, setWindowRect: true, strictFileInteractability: false, timeouts: {implicit: 0, pageLoad: 300000, script: 30000}, unhandledPromptBehavior: dismiss and notify, webauthn:extension:credBlob: true, webauthn:extension:largeBlob: true, webauthn:extension:minPinLength: true, webauthn:extension:prf: true, webauthn:virtualAuthenticators: true}
Session ID: 7c422c13b261715823a7fb97b4bce801
19:06:41  INFO  manager.ListenerWD - ***********************
19:06:41  INFO  manager.ListenerWD - Screen with error is --->src/test/screenshots/screen_1739.png
19:06:41  INFO  tests.TestBase - Name of method -->removeFirstContact
19:06:41  INFO  manager.ListenerWD - before Find Elements --->By.xpath: //button[text()='Sign Out']
19:06:42  INFO  manager.ListenerWD - after Find Elements --->By.xpath: //button[text()='Sign Out']
19:06:42  INFO  manager.ListenerWD - list of elements is --->1
19:06:42  INFO  manager.ListenerWD - before Find Elements --->By.cssSelector: .contact-item_card__2SOIM
19:06:47  INFO  manager.ListenerWD - after Find Elements --->By.cssSelector: .contact-item_card__2SOIM
19:06:47  INFO  manager.ListenerWD - list of elements is --->0
19:06:47  INFO  manager.ListenerWD - before Find Element --->By.cssSelector: a[href='/add']
19:06:47  INFO  manager.ListenerWD - after Find Element --->By.cssSelector: a[href='/add']
19:06:47  INFO  manager.ListenerWD - Location of element(984, -18)
19:06:47  INFO  manager.ListenerWD - before Find Element --->By.cssSelector: [placeholder='Name']
19:06:47  INFO  manager.ListenerWD - after Find Element --->By.cssSelector: [placeholder='Name']
19:06:47  INFO  manager.ListenerWD - Location of element(201, 113)
19:06:47  INFO  manager.ListenerWD - before Find Element --->By.cssSelector: [placeholder='Last Name']
19:06:47  INFO  manager.ListenerWD - after Find Element --->By.cssSelector: [placeholder='Last Name']
19:06:47  INFO  manager.ListenerWD - Location of element(201, 187)
19:06:47  INFO  manager.ListenerWD - before Find Element --->By.cssSelector: [placeholder='Phone']
19:06:47  INFO  manager.ListenerWD - after Find Element --->By.cssSelector: [placeholder='Phone']
19:06:47  INFO  manager.ListenerWD - Location of element(201, 260)
19:06:48  INFO  manager.ListenerWD - before Find Element --->By.cssSelector: [placeholder='email']
19:06:48  INFO  manager.ListenerWD - after Find Element --->By.cssSelector: [placeholder='email']
19:06:48  INFO  manager.ListenerWD - Location of element(201, 333)
19:06:48  INFO  manager.ListenerWD - before Find Element --->By.cssSelector: [placeholder='Address']
19:06:48  INFO  manager.ListenerWD - after Find Element --->By.cssSelector: [placeholder='Address']
19:06:48  INFO  manager.ListenerWD - Location of element(201, 407)
19:06:48  INFO  manager.ListenerWD - before Find Element --->By.cssSelector: [placeholder='description']
19:06:48  INFO  manager.ListenerWD - after Find Element --->By.cssSelector: [placeholder='description']
19:06:48  INFO  manager.ListenerWD - Location of element(201, 480)
19:06:49  INFO  manager.ListenerWD - before Find Element --->By.cssSelector: .add_form__2rsm2>button
19:06:49  INFO  manager.ListenerWD - after Find Element --->By.cssSelector: .add_form__2rsm2>button
19:06:49  INFO  manager.ListenerWD - Location of element(204, 553)
19:06:49  INFO  manager.ListenerWD - before Find Element --->By.cssSelector: .add_form__2rsm2>button
19:06:49  INFO  manager.ListenerWD - after Find Element --->By.cssSelector: .add_form__2rsm2>button
19:06:49  INFO  manager.ListenerWD - Location of element(204, 553)
19:06:50  INFO  manager.ListenerWD - before Find Element --->By.cssSelector: a[href='/add']
19:06:50  INFO  manager.ListenerWD - after Find Element --->By.cssSelector: a[href='/add']
19:06:50  INFO  manager.ListenerWD - Location of element(985, -6)
19:06:50  INFO  manager.ListenerWD - before Find Element --->By.cssSelector: [placeholder='Name']
19:06:50  INFO  manager.ListenerWD - after Find Element --->By.cssSelector: [placeholder='Name']
19:06:50  INFO  manager.ListenerWD - Location of element(201, 125)
19:06:50  INFO  manager.ListenerWD - before Find Element --->By.cssSelector: [placeholder='Last Name']
19:06:50  INFO  manager.ListenerWD - after Find Element --->By.cssSelector: [placeholder='Last Name']
19:06:50  INFO  manager.ListenerWD - Location of element(201, 198)
19:06:50  INFO  manager.ListenerWD - before Find Element --->By.cssSelector: [placeholder='Phone']
19:06:50  INFO  manager.ListenerWD - after Find Element --->By.cssSelector: [placeholder='Phone']
19:06:50  INFO  manager.ListenerWD - Location of element(201, 271)
19:06:51  INFO  manager.ListenerWD - before Find Element --->By.cssSelector: [placeholder='email']
19:06:51  INFO  manager.ListenerWD - after Find Element --->By.cssSelector: [placeholder='email']
19:06:51  INFO  manager.ListenerWD - Location of element(201, 345)
19:06:51  INFO  manager.ListenerWD - before Find Element --->By.cssSelector: [placeholder='Address']
19:06:51  INFO  manager.ListenerWD - after Find Element --->By.cssSelector: [placeholder='Address']
19:06:51  INFO  manager.ListenerWD - Location of element(201, 418)
19:06:51  INFO  manager.ListenerWD - before Find Element --->By.cssSelector: [placeholder='description']
19:06:51  INFO  manager.ListenerWD - after Find Element --->By.cssSelector: [placeholder='description']
19:06:51  INFO  manager.ListenerWD - Location of element(201, 491)
19:06:52  INFO  manager.ListenerWD - before Find Element --->By.cssSelector: .add_form__2rsm2>button
19:06:52  INFO  manager.ListenerWD - after Find Element --->By.cssSelector: .add_form__2rsm2>button
19:06:52  INFO  manager.ListenerWD - Location of element(204, 565)
19:06:52  INFO  manager.ListenerWD - before Find Element --->By.cssSelector: .add_form__2rsm2>button
19:06:52  INFO  manager.ListenerWD - after Find Element --->By.cssSelector: .add_form__2rsm2>button
19:06:52  INFO  manager.ListenerWD - Location of element(204, 565)
19:06:52  INFO  manager.ListenerWD - before Find Element --->By.cssSelector: a[href='/add']
19:06:52  INFO  manager.ListenerWD - after Find Element --->By.cssSelector: a[href='/add']
19:06:52  INFO  manager.ListenerWD - Location of element(998, 34)
19:06:52  INFO  manager.ListenerWD - before Find Element --->By.cssSelector: [placeholder='Name']
19:06:52  INFO  manager.ListenerWD - after Find Element --->By.cssSelector: [placeholder='Name']
19:06:52  INFO  manager.ListenerWD - Location of element(201, 165)
19:06:53  INFO  manager.ListenerWD - before Find Element --->By.cssSelector: [placeholder='Last Name']
19:06:53  INFO  manager.ListenerWD - after Find Element --->By.cssSelector: [placeholder='Last Name']
19:06:53  INFO  manager.ListenerWD - Location of element(201, 238)
19:06:53  INFO  manager.ListenerWD - before Find Element --->By.cssSelector: [placeholder='Phone']
19:06:53  INFO  manager.ListenerWD - after Find Element --->By.cssSelector: [placeholder='Phone']
19:06:53  INFO  manager.ListenerWD - Location of element(201, 311)
19:06:53  INFO  manager.ListenerWD - before Find Element --->By.cssSelector: [placeholder='email']
19:06:53  INFO  manager.ListenerWD - after Find Element --->By.cssSelector: [placeholder='email']
19:06:53  INFO  manager.ListenerWD - Location of element(201, 385)
19:06:54  INFO  manager.ListenerWD - before Find Element --->By.cssSelector: [placeholder='Address']
19:06:54  INFO  manager.ListenerWD - after Find Element --->By.cssSelector: [placeholder='Address']
19:06:54  INFO  manager.ListenerWD - Location of element(201, 458)
19:06:54  INFO  manager.ListenerWD - before Find Element --->By.cssSelector: [placeholder='description']
19:06:54  INFO  manager.ListenerWD - after Find Element --->By.cssSelector: [placeholder='description']
19:06:54  INFO  manager.ListenerWD - Location of element(201, 531)
19:06:54  INFO  manager.ListenerWD - before Find Element --->By.cssSelector: .add_form__2rsm2>button
19:06:54  INFO  manager.ListenerWD - after Find Element --->By.cssSelector: .add_form__2rsm2>button
19:06:54  INFO  manager.ListenerWD - Location of element(204, 605)
19:06:54  INFO  manager.ListenerWD - before Find Element --->By.cssSelector: .add_form__2rsm2>button
19:06:54  INFO  manager.ListenerWD - after Find Element --->By.cssSelector: .add_form__2rsm2>button
19:06:54  INFO  manager.ListenerWD - Location of element(204, 553)
19:06:55  INFO  manager.ListenerWD - before Find Elements --->By.cssSelector: .contact-item_card__2SOIM
19:06:55  INFO  manager.ListenerWD - after Find Elements --->By.cssSelector: .contact-item_card__2SOIM
19:06:55  INFO  manager.ListenerWD - list of elements is --->16
19:06:55  INFO  manager.HelperBase - Number of contacts list before remove --->16
19:06:55  INFO  manager.ListenerWD - before Find Element --->By.cssSelector: .contact-item_card__2SOIM
19:06:55  INFO  manager.ListenerWD - after Find Element --->By.cssSelector: .contact-item_card__2SOIM
19:06:55  INFO  manager.ListenerWD - Location of element(192, 150)
19:06:55  INFO  manager.ListenerWD - before Find Element --->By.xpath: //button[text()='Remove']
19:06:55  INFO  manager.ListenerWD - after Find Element --->By.xpath: //button[text()='Remove']
19:06:55  INFO  manager.ListenerWD - Location of element(635, 370)
19:06:56  INFO  manager.ListenerWD - before Find Elements --->By.cssSelector: .contact-item_card__2SOIM
19:06:57  INFO  manager.ListenerWD - after Find Elements --->By.cssSelector: .contact-item_card__2SOIM
19:06:57  INFO  manager.ListenerWD - list of elements is --->15
19:06:57  INFO  manager.HelperBase - Number of contacts list after remove --->15
