18:25:15  INFO  manager.ApplicationManager - The link --->https://telranedu.web.app/home
18:25:15  INFO  tests.TestBase - Name of method -->loginWrongEmail
18:25:15  INFO  manager.ListenerWD - before Find Elements --->By.xpath: //button[text()='Sign Out']
18:25:20  INFO  manager.ListenerWD - after Find Elements --->By.xpath: //button[text()='Sign Out']
18:25:20  INFO  manager.ListenerWD - list of elements is --->0
18:25:20  INFO  tests.TestBase - Test data ----> email: p.v.2977187' & password : 'P29348092l@'
18:25:20  INFO  manager.ListenerWD - before Find Element --->By.cssSelector: a[href='/login']
18:25:20  INFO  manager.ListenerWD - after Find Element --->By.cssSelector: a[href='/login']
18:25:20  INFO  manager.ListenerWD - Location of element(1170, 34)
18:25:20  INFO  manager.ListenerWD - before Find Element --->By.name: email
18:25:20  INFO  manager.ListenerWD - after Find Element --->By.name: email
18:25:21  INFO  manager.ListenerWD - Location of element(440, 250)
18:25:21  INFO  manager.ListenerWD - before Find Element --->By.xpath: //input[last()]
18:25:21  INFO  manager.ListenerWD - after Find Element --->By.xpath: //input[last()]
18:25:21  INFO  manager.ListenerWD - Location of element(440, 320)
18:25:22  INFO  manager.ListenerWD - before Find Element --->By.xpath: //button[text()='Login']
18:25:22  INFO  manager.ListenerWD - after Find Element --->By.xpath: //button[text()='Login']
18:25:22  INFO  manager.ListenerWD - Location of element(440, 390)
18:25:22  INFO  manager.ListenerWD - Huston we have a problem!
18:25:22  INFO  manager.ListenerWD - Object target --->org.openqa.selenium.remote.RemoteWebDriver$RemoteTargetLocator@4d157493
18:25:22  INFO  manager.ListenerWD - ***********************
18:25:22  INFO  manager.ListenerWD - alert
18:25:22  INFO  manager.ListenerWD - ***********************
18:25:22  INFO  manager.ListenerWD - ***********************
18:25:22  INFO  manager.ListenerWD - ***********************
18:25:22  INFO  manager.ListenerWD - InvocationTargetException & getTargetExceptionorg.openqa.selenium.NoAlertPresentException: no such alert
  (Session info: chrome=112.0.5615.138)
Build info: version: '4.7.0', revision: '0a5b49d16f'
System info: os.name: 'Windows 11', os.arch: 'amd64', os.version: '10.0', java.version: '11.0.18'
Driver info: org.openqa.selenium.chrome.ChromeDriver
Command: [be3b536254d961847d15e18acf73fcb4, getAlertText {}]
Capabilities {acceptInsecureCerts: false, browserName: chrome, browserVersion: 112.0.5615.138, chrome: {chromedriverVersion: 112.0.5615.49 (bd2a7bcb881c..., userDataDir: C:\Users\pv297\AppData\Loca...}, goog:chromeOptions: {debuggerAddress: localhost:53043}, networkConnectionEnabled: false, pageLoadStrategy: normal, platformName: WINDOWS, proxy: Proxy(), se:cdp: ws://localhost:53043/devtoo..., se:cdpVersion: 112.0.5615.138, setWindowRect: true, strictFileInteractability: false, timeouts: {implicit: 0, pageLoad: 300000, script: 30000}, unhandledPromptBehavior: dismiss and notify, webauthn:extension:credBlob: true, webauthn:extension:largeBlob: true, webauthn:extension:minPinLength: true, webauthn:extension:prf: true, webauthn:virtualAuthenticators: true}
Session ID: be3b536254d961847d15e18acf73fcb4
18:25:22  INFO  manager.ListenerWD - ***********************
18:25:22  INFO  manager.ListenerWD - Screen with error is --->src/test/screenshots/screen_1866.png
18:25:22  INFO  manager.ListenerWD - Huston we have a problem!
18:25:22  INFO  manager.ListenerWD - Object target --->org.openqa.selenium.remote.RemoteWebDriver$RemoteTargetLocator@68b366e2
18:25:22  INFO  manager.ListenerWD - ***********************
18:25:22  INFO  manager.ListenerWD - alert
18:25:22  INFO  manager.ListenerWD - ***********************
18:25:22  INFO  manager.ListenerWD - ***********************
18:25:22  INFO  manager.ListenerWD - ***********************
18:25:22  INFO  manager.ListenerWD - InvocationTargetException & getTargetExceptionorg.openqa.selenium.NoAlertPresentException: no such alert
  (Session info: chrome=112.0.5615.138)
Build info: version: '4.7.0', revision: '0a5b49d16f'
System info: os.name: 'Windows 11', os.arch: 'amd64', os.version: '10.0', java.version: '11.0.18'
Driver info: org.openqa.selenium.chrome.ChromeDriver
Command: [be3b536254d961847d15e18acf73fcb4, getAlertText {}]
Capabilities {acceptInsecureCerts: false, browserName: chrome, browserVersion: 112.0.5615.138, chrome: {chromedriverVersion: 112.0.5615.49 (bd2a7bcb881c..., userDataDir: C:\Users\pv297\AppData\Loca...}, goog:chromeOptions: {debuggerAddress: localhost:53043}, networkConnectionEnabled: false, pageLoadStrategy: normal, platformName: WINDOWS, proxy: Proxy(), se:cdp: ws://localhost:53043/devtoo..., se:cdpVersion: 112.0.5615.138, setWindowRect: true, strictFileInteractability: false, timeouts: {implicit: 0, pageLoad: 300000, script: 30000}, unhandledPromptBehavior: dismiss and notify, webauthn:extension:credBlob: true, webauthn:extension:largeBlob: true, webauthn:extension:minPinLength: true, webauthn:extension:prf: true, webauthn:virtualAuthenticators: true}
Session ID: be3b536254d961847d15e18acf73fcb4
18:25:22  INFO  manager.ListenerWD - ***********************
18:25:22  INFO  manager.ListenerWD - Screen with error is --->src/test/screenshots/screen_1196.png
18:25:23  INFO  tests.TestBase - Assert check is alert present with error text 'Wrong email or password'
18:25:23  INFO  tests.TestBase - Name of method -->registrationWrongEmail
18:25:23  INFO  manager.ListenerWD - before Find Elements --->By.xpath: //button[text()='Sign Out']
18:25:28  INFO  manager.ListenerWD - after Find Elements --->By.xpath: //button[text()='Sign Out']
18:25:28  INFO  manager.ListenerWD - list of elements is --->0
18:25:28  INFO  tests.TestBase - Tests run with data: --->User{email='nilgmail.com', password='Nil12345@'}
18:25:28  INFO  manager.ListenerWD - before Find Element --->By.cssSelector: a[href='/login']
18:25:28  INFO  manager.ListenerWD - after Find Element --->By.cssSelector: a[href='/login']
18:25:28  INFO  manager.ListenerWD - Location of element(1169, 33)
18:25:28  INFO  manager.ListenerWD - before Find Element --->By.name: email
18:25:29  INFO  manager.ListenerWD - after Find Element --->By.name: email
18:25:29  INFO  manager.ListenerWD - Location of element(440, 281)
18:25:30  INFO  manager.ListenerWD - before Find Element --->By.xpath: //input[last()]
18:25:30  INFO  manager.ListenerWD - after Find Element --->By.xpath: //input[last()]
18:25:30  INFO  manager.ListenerWD - Location of element(440, 351)
18:25:31  INFO  manager.ListenerWD - before Find Element --->By.xpath: //button[text()='Registration']
18:25:31  INFO  manager.ListenerWD - after Find Element --->By.xpath: //button[text()='Registration']
18:25:31  INFO  manager.ListenerWD - Location of element(690, 421)
18:25:31  INFO  manager.ListenerWD - Huston we have a problem!
18:25:31  INFO  manager.ListenerWD - Object target --->org.openqa.selenium.remote.RemoteWebDriver$RemoteTargetLocator@5a484ce1
18:25:31  INFO  manager.ListenerWD - ***********************
18:25:31  INFO  manager.ListenerWD - alert
18:25:31  INFO  manager.ListenerWD - ***********************
18:25:31  INFO  manager.ListenerWD - ***********************
18:25:31  INFO  manager.ListenerWD - ***********************
18:25:31  INFO  manager.ListenerWD - InvocationTargetException & getTargetExceptionorg.openqa.selenium.NoAlertPresentException: no such alert
  (Session info: chrome=112.0.5615.138)
Build info: version: '4.7.0', revision: '0a5b49d16f'
System info: os.name: 'Windows 11', os.arch: 'amd64', os.version: '10.0', java.version: '11.0.18'
Driver info: org.openqa.selenium.chrome.ChromeDriver
Command: [be3b536254d961847d15e18acf73fcb4, getAlertText {}]
Capabilities {acceptInsecureCerts: false, browserName: chrome, browserVersion: 112.0.5615.138, chrome: {chromedriverVersion: 112.0.5615.49 (bd2a7bcb881c..., userDataDir: C:\Users\pv297\AppData\Loca...}, goog:chromeOptions: {debuggerAddress: localhost:53043}, networkConnectionEnabled: false, pageLoadStrategy: normal, platformName: WINDOWS, proxy: Proxy(), se:cdp: ws://localhost:53043/devtoo..., se:cdpVersion: 112.0.5615.138, setWindowRect: true, strictFileInteractability: false, timeouts: {implicit: 0, pageLoad: 300000, script: 30000}, unhandledPromptBehavior: dismiss and notify, webauthn:extension:credBlob: true, webauthn:extension:largeBlob: true, webauthn:extension:minPinLength: true, webauthn:extension:prf: true, webauthn:virtualAuthenticators: true}
Session ID: be3b536254d961847d15e18acf73fcb4
18:25:31  INFO  manager.ListenerWD - ***********************
18:25:31  INFO  manager.ListenerWD - Screen with error is --->src/test/screenshots/screen_1675.png
18:25:32  INFO  manager.ListenerWD - Huston we have a problem!
18:25:32  INFO  manager.ListenerWD - Object target --->org.openqa.selenium.remote.RemoteWebDriver$RemoteTargetLocator@3e3cd6fe
18:25:32  INFO  manager.ListenerWD - ***********************
18:25:32  INFO  manager.ListenerWD - alert
18:25:32  INFO  manager.ListenerWD - ***********************
18:25:32  INFO  manager.ListenerWD - ***********************
18:25:32  INFO  manager.ListenerWD - ***********************
18:25:32  INFO  manager.ListenerWD - InvocationTargetException & getTargetExceptionorg.openqa.selenium.NoAlertPresentException: no such alert
  (Session info: chrome=112.0.5615.138)
Build info: version: '4.7.0', revision: '0a5b49d16f'
System info: os.name: 'Windows 11', os.arch: 'amd64', os.version: '10.0', java.version: '11.0.18'
Driver info: org.openqa.selenium.chrome.ChromeDriver
Command: [be3b536254d961847d15e18acf73fcb4, getAlertText {}]
Capabilities {acceptInsecureCerts: false, browserName: chrome, browserVersion: 112.0.5615.138, chrome: {chromedriverVersion: 112.0.5615.49 (bd2a7bcb881c..., userDataDir: C:\Users\pv297\AppData\Loca...}, goog:chromeOptions: {debuggerAddress: localhost:53043}, networkConnectionEnabled: false, pageLoadStrategy: normal, platformName: WINDOWS, proxy: Proxy(), se:cdp: ws://localhost:53043/devtoo..., se:cdpVersion: 112.0.5615.138, setWindowRect: true, strictFileInteractability: false, timeouts: {implicit: 0, pageLoad: 300000, script: 30000}, unhandledPromptBehavior: dismiss and notify, webauthn:extension:credBlob: true, webauthn:extension:largeBlob: true, webauthn:extension:minPinLength: true, webauthn:extension:prf: true, webauthn:virtualAuthenticators: true}
Session ID: be3b536254d961847d15e18acf73fcb4
18:25:32  INFO  manager.ListenerWD - ***********************
18:25:32  INFO  manager.ListenerWD - Screen with error is --->src/test/screenshots/screen_1378.png
18:25:33  INFO  manager.ListenerWD - before Find Elements --->By.xpath: //button[text()='Sign Out']
18:25:38  INFO  manager.ListenerWD - after Find Elements --->By.xpath: //button[text()='Sign Out']
18:25:38  INFO  manager.ListenerWD - list of elements is --->0
18:25:38  INFO  manager.ListenerWD - before Find Element --->By.cssSelector: a[href='/login']
18:25:38  INFO  manager.ListenerWD - after Find Element --->By.cssSelector: a[href='/login']
18:25:38  INFO  manager.ListenerWD - Location of element(1169, 33)
18:25:38  INFO  manager.ListenerWD - before Find Element --->By.name: email
18:25:38  INFO  manager.ListenerWD - after Find Element --->By.name: email
18:25:38  INFO  manager.ListenerWD - Location of element(440, 281)
18:25:38  INFO  manager.ListenerWD - before Find Element --->By.xpath: //input[last()]
18:25:38  INFO  manager.ListenerWD - after Find Element --->By.xpath: //input[last()]
18:25:38  INFO  manager.ListenerWD - Location of element(440, 351)
18:25:39  INFO  manager.ListenerWD - before Find Element --->By.xpath: //button[text()='Login']
18:25:39  INFO  manager.ListenerWD - after Find Element --->By.xpath: //button[text()='Login']
18:25:39  INFO  manager.ListenerWD - Location of element(440, 421)
18:25:39  INFO  tests.TestBase - Name of method -->addNewContactSuccessRequiredFields
18:25:39  INFO  tests.TestBase - Tests run with data: --->Contact(name=Tom1699, lastName=Tomson, phone=3456781699, email=tomtom1699@gmail.com, address=Holon, description=)
18:25:39  INFO  manager.ListenerWD - before Find Element --->By.cssSelector: a[href='/add']
18:25:39  INFO  manager.ListenerWD - after Find Element --->By.cssSelector: a[href='/add']
18:25:39  INFO  manager.ListenerWD - Location of element(985, 34)
18:25:40  INFO  manager.ListenerWD - before Find Element --->By.cssSelector: [placeholder='Name']
18:25:40  INFO  manager.ListenerWD - after Find Element --->By.cssSelector: [placeholder='Name']
18:25:40  INFO  manager.ListenerWD - Location of element(201, 165)
18:25:40  INFO  manager.ListenerWD - before Find Element --->By.cssSelector: [placeholder='Last Name']
18:25:40  INFO  manager.ListenerWD - after Find Element --->By.cssSelector: [placeholder='Last Name']
18:25:40  INFO  manager.ListenerWD - Location of element(201, 238)
18:25:40  INFO  manager.ListenerWD - before Find Element --->By.cssSelector: [placeholder='Phone']
18:25:40  INFO  manager.ListenerWD - after Find Element --->By.cssSelector: [placeholder='Phone']
18:25:40  INFO  manager.ListenerWD - Location of element(201, 311)
18:25:41  INFO  manager.ListenerWD - before Find Element --->By.cssSelector: [placeholder='email']
18:25:41  INFO  manager.ListenerWD - after Find Element --->By.cssSelector: [placeholder='email']
18:25:41  INFO  manager.ListenerWD - Location of element(201, 385)
18:25:41  INFO  manager.ListenerWD - before Find Element --->By.cssSelector: [placeholder='Address']
18:25:41  INFO  manager.ListenerWD - after Find Element --->By.cssSelector: [placeholder='Address']
18:25:41  INFO  manager.ListenerWD - Location of element(201, 458)
18:25:41  INFO  manager.ListenerWD - before Find Element --->By.cssSelector: [placeholder='description']
18:25:41  INFO  manager.ListenerWD - after Find Element --->By.cssSelector: [placeholder='description']
18:25:41  INFO  manager.ListenerWD - Location of element(201, 531)
18:25:41  INFO  manager.ListenerWD - before Find Element --->By.cssSelector: .add_form__2rsm2>button
18:25:42  INFO  manager.ListenerWD - after Find Element --->By.cssSelector: .add_form__2rsm2>button
18:25:42  INFO  manager.ListenerWD - Location of element(204, 605)
18:25:42  INFO  manager.ListenerWD - before Find Element --->By.cssSelector: .add_form__2rsm2>button
18:25:42  INFO  manager.ListenerWD - after Find Element --->By.cssSelector: .add_form__2rsm2>button
18:25:42  INFO  manager.ListenerWD - Location of element(204, 553)
18:25:42  INFO  manager.ListenerWD - before Find Elements --->By.cssSelector: h2
18:25:43  INFO  manager.ListenerWD - after Find Elements --->By.cssSelector: h2
18:25:43  INFO  manager.ListenerWD - list of elements is --->4
18:25:43  INFO  manager.ListenerWD - before Find Elements --->By.cssSelector: h3
18:25:43  INFO  manager.ListenerWD - after Find Elements --->By.cssSelector: h3
18:25:43  INFO  manager.ListenerWD - list of elements is --->4
18:25:43  INFO  tests.TestBase - Name of method -->removeFirstContact
18:25:43  INFO  manager.ListenerWD - before Find Elements --->By.xpath: //button[text()='Sign Out']
18:25:43  INFO  manager.ListenerWD - after Find Elements --->By.xpath: //button[text()='Sign Out']
18:25:43  INFO  manager.ListenerWD - list of elements is --->1
18:25:43  INFO  manager.ListenerWD - before Find Elements --->By.cssSelector: .contact-item_card__2SOIM
18:25:43  INFO  manager.ListenerWD - after Find Elements --->By.cssSelector: .contact-item_card__2SOIM
18:25:43  INFO  manager.ListenerWD - list of elements is --->4
18:25:43  INFO  manager.ListenerWD - before Find Elements --->By.cssSelector: .contact-item_card__2SOIM
18:25:43  INFO  manager.ListenerWD - after Find Elements --->By.cssSelector: .contact-item_card__2SOIM
18:25:43  INFO  manager.ListenerWD - list of elements is --->4
18:25:43  INFO  manager.HelperBase - Number of contacts list before remove --->4
18:25:43  INFO  manager.ListenerWD - before Find Element --->By.cssSelector: .contact-item_card__2SOIM
18:25:43  INFO  manager.ListenerWD - after Find Element --->By.cssSelector: .contact-item_card__2SOIM
18:25:43  INFO  manager.ListenerWD - Location of element(192, 150)
18:25:43  INFO  manager.ListenerWD - before Find Element --->By.xpath: //button[text()='Remove']
18:25:43  INFO  manager.ListenerWD - after Find Element --->By.xpath: //button[text()='Remove']
18:25:43  INFO  manager.ListenerWD - Location of element(635, 370)
18:25:44  INFO  manager.ListenerWD - before Find Elements --->By.cssSelector: .contact-item_card__2SOIM
18:25:44  INFO  manager.ListenerWD - after Find Elements --->By.cssSelector: .contact-item_card__2SOIM
18:25:44  INFO  manager.ListenerWD - list of elements is --->3
18:25:44  INFO  manager.HelperBase - Number of contacts list after remove --->3
