10:43:39  INFO  manager.ApplicationManager - The link --->https://telranedu.web.app/home
10:43:39  INFO  tests.TestBase - Name of method -->loginWrongEmail
10:43:39  INFO  manager.ListenerWD - before Find Elements --->By.xpath: //button[text()='Sign Out']
10:43:44  INFO  manager.ListenerWD - after Find Elements --->By.xpath: //button[text()='Sign Out']
10:43:44  INFO  manager.ListenerWD - list of elements is --->0
10:43:44  INFO  tests.TestBase - Test data ----> email: p.v.2977187' & password : 'P29348092l@'
10:43:44  INFO  manager.ListenerWD - before Find Element --->By.cssSelector: a[href='/login']
10:43:45  INFO  manager.ListenerWD - after Find Element --->By.cssSelector: a[href='/login']
10:43:45  INFO  manager.ListenerWD - Location of element(1170, 34)
10:43:45  INFO  manager.ListenerWD - before Find Element --->By.name: email
10:43:45  INFO  manager.ListenerWD - after Find Element --->By.name: email
10:43:45  INFO  manager.ListenerWD - Location of element(440, 250)
10:43:45  INFO  manager.ListenerWD - before Find Element --->By.xpath: //input[last()]
10:43:45  INFO  manager.ListenerWD - after Find Element --->By.xpath: //input[last()]
10:43:45  INFO  manager.ListenerWD - Location of element(440, 320)
10:43:45  INFO  manager.ListenerWD - before Find Element --->By.xpath: //button[text()='Login']
10:43:45  INFO  manager.ListenerWD - after Find Element --->By.xpath: //button[text()='Login']
10:43:45  INFO  manager.ListenerWD - Location of element(440, 390)
10:43:46  INFO  manager.ListenerWD - Huston we have a problem!
10:43:46  INFO  manager.ListenerWD - Object target --->org.openqa.selenium.remote.RemoteWebDriver$RemoteTargetLocator@7ab1127c
10:43:46  INFO  manager.ListenerWD - ***********************
10:43:46  INFO  manager.ListenerWD - alert
10:43:46  INFO  manager.ListenerWD - ***********************
10:43:46  INFO  manager.ListenerWD - ***********************
10:43:46  INFO  manager.ListenerWD - ***********************
10:43:46  INFO  manager.ListenerWD - InvocationTargetException & getTargetExceptionorg.openqa.selenium.NoAlertPresentException: no such alert
  (Session info: chrome=112.0.5615.138)
Build info: version: '4.7.0', revision: '0a5b49d16f'
System info: os.name: 'Windows 11', os.arch: 'amd64', os.version: '10.0', java.version: '11.0.18'
Driver info: org.openqa.selenium.chrome.ChromeDriver
Command: [6ab7e2b6d4fe54d72ef758475eb3c146, getAlertText {}]
Capabilities {acceptInsecureCerts: false, browserName: chrome, browserVersion: 112.0.5615.138, chrome: {chromedriverVersion: 112.0.5615.49 (bd2a7bcb881c..., userDataDir: C:\Users\pv297\AppData\Loca...}, goog:chromeOptions: {debuggerAddress: localhost:60000}, networkConnectionEnabled: false, pageLoadStrategy: normal, platformName: WINDOWS, proxy: Proxy(), se:cdp: ws://localhost:60000/devtoo..., se:cdpVersion: 112.0.5615.138, setWindowRect: true, strictFileInteractability: false, timeouts: {implicit: 0, pageLoad: 300000, script: 30000}, unhandledPromptBehavior: dismiss and notify, webauthn:extension:credBlob: true, webauthn:extension:largeBlob: true, webauthn:extension:minPinLength: true, webauthn:extension:prf: true, webauthn:virtualAuthenticators: true}
Session ID: 6ab7e2b6d4fe54d72ef758475eb3c146
10:43:46  INFO  manager.ListenerWD - ***********************
10:43:46  INFO  manager.ListenerWD - Screen with error is --->src/test/screenshots/screen_1052.png
10:43:46  INFO  manager.ListenerWD - Huston we have a problem!
10:43:46  INFO  manager.ListenerWD - Object target --->org.openqa.selenium.remote.RemoteWebDriver$RemoteTargetLocator@2fb25f4c
10:43:46  INFO  manager.ListenerWD - ***********************
10:43:46  INFO  manager.ListenerWD - alert
10:43:46  INFO  manager.ListenerWD - ***********************
10:43:46  INFO  manager.ListenerWD - ***********************
10:43:46  INFO  manager.ListenerWD - ***********************
10:43:46  INFO  manager.ListenerWD - InvocationTargetException & getTargetExceptionorg.openqa.selenium.NoAlertPresentException: no such alert
  (Session info: chrome=112.0.5615.138)
Build info: version: '4.7.0', revision: '0a5b49d16f'
System info: os.name: 'Windows 11', os.arch: 'amd64', os.version: '10.0', java.version: '11.0.18'
Driver info: org.openqa.selenium.chrome.ChromeDriver
Command: [6ab7e2b6d4fe54d72ef758475eb3c146, getAlertText {}]
Capabilities {acceptInsecureCerts: false, browserName: chrome, browserVersion: 112.0.5615.138, chrome: {chromedriverVersion: 112.0.5615.49 (bd2a7bcb881c..., userDataDir: C:\Users\pv297\AppData\Loca...}, goog:chromeOptions: {debuggerAddress: localhost:60000}, networkConnectionEnabled: false, pageLoadStrategy: normal, platformName: WINDOWS, proxy: Proxy(), se:cdp: ws://localhost:60000/devtoo..., se:cdpVersion: 112.0.5615.138, setWindowRect: true, strictFileInteractability: false, timeouts: {implicit: 0, pageLoad: 300000, script: 30000}, unhandledPromptBehavior: dismiss and notify, webauthn:extension:credBlob: true, webauthn:extension:largeBlob: true, webauthn:extension:minPinLength: true, webauthn:extension:prf: true, webauthn:virtualAuthenticators: true}
Session ID: 6ab7e2b6d4fe54d72ef758475eb3c146
10:43:46  INFO  manager.ListenerWD - ***********************
10:43:46  INFO  manager.ListenerWD - Screen with error is --->src/test/screenshots/screen_1193.png
10:43:47  INFO  tests.TestBase - Assert check is alert present with error text 'Wrong email or password'
10:43:47  INFO  tests.TestBase - Name of method -->registrationWrongEmail
10:43:47  INFO  manager.ListenerWD - before Find Elements --->By.xpath: //button[text()='Sign Out']
10:43:52  INFO  manager.ListenerWD - after Find Elements --->By.xpath: //button[text()='Sign Out']
10:43:52  INFO  manager.ListenerWD - list of elements is --->0
10:43:52  INFO  tests.TestBase - Tests run with data: --->User{email='nilgmail.com', password='Nil12345@'}
10:43:52  INFO  manager.ListenerWD - before Find Element --->By.cssSelector: a[href='/login']
10:43:52  INFO  manager.ListenerWD - after Find Element --->By.cssSelector: a[href='/login']
10:43:52  INFO  manager.ListenerWD - Location of element(1169, 33)
10:43:52  INFO  manager.ListenerWD - before Find Element --->By.name: email
10:43:52  INFO  manager.ListenerWD - after Find Element --->By.name: email
10:43:52  INFO  manager.ListenerWD - Location of element(440, 281)
10:43:53  INFO  manager.ListenerWD - before Find Element --->By.xpath: //input[last()]
10:43:53  INFO  manager.ListenerWD - after Find Element --->By.xpath: //input[last()]
10:43:53  INFO  manager.ListenerWD - Location of element(440, 351)
10:43:53  INFO  manager.ListenerWD - before Find Element --->By.xpath: //button[text()='Registration']
10:43:53  INFO  manager.ListenerWD - after Find Element --->By.xpath: //button[text()='Registration']
10:43:53  INFO  manager.ListenerWD - Location of element(690, 421)
10:43:53  INFO  manager.ListenerWD - Huston we have a problem!
10:43:53  INFO  manager.ListenerWD - Object target --->org.openqa.selenium.remote.RemoteWebDriver$RemoteTargetLocator@2091833
10:43:53  INFO  manager.ListenerWD - ***********************
10:43:53  INFO  manager.ListenerWD - alert
10:43:53  INFO  manager.ListenerWD - ***********************
10:43:53  INFO  manager.ListenerWD - ***********************
10:43:53  INFO  manager.ListenerWD - ***********************
10:43:53  INFO  manager.ListenerWD - InvocationTargetException & getTargetExceptionorg.openqa.selenium.NoAlertPresentException: no such alert
  (Session info: chrome=112.0.5615.138)
Build info: version: '4.7.0', revision: '0a5b49d16f'
System info: os.name: 'Windows 11', os.arch: 'amd64', os.version: '10.0', java.version: '11.0.18'
Driver info: org.openqa.selenium.chrome.ChromeDriver
Command: [6ab7e2b6d4fe54d72ef758475eb3c146, getAlertText {}]
Capabilities {acceptInsecureCerts: false, browserName: chrome, browserVersion: 112.0.5615.138, chrome: {chromedriverVersion: 112.0.5615.49 (bd2a7bcb881c..., userDataDir: C:\Users\pv297\AppData\Loca...}, goog:chromeOptions: {debuggerAddress: localhost:60000}, networkConnectionEnabled: false, pageLoadStrategy: normal, platformName: WINDOWS, proxy: Proxy(), se:cdp: ws://localhost:60000/devtoo..., se:cdpVersion: 112.0.5615.138, setWindowRect: true, strictFileInteractability: false, timeouts: {implicit: 0, pageLoad: 300000, script: 30000}, unhandledPromptBehavior: dismiss and notify, webauthn:extension:credBlob: true, webauthn:extension:largeBlob: true, webauthn:extension:minPinLength: true, webauthn:extension:prf: true, webauthn:virtualAuthenticators: true}
Session ID: 6ab7e2b6d4fe54d72ef758475eb3c146
10:43:53  INFO  manager.ListenerWD - ***********************
10:43:53  INFO  manager.ListenerWD - Screen with error is --->src/test/screenshots/screen_1080.png
10:43:54  INFO  manager.ListenerWD - Huston we have a problem!
10:43:54  INFO  manager.ListenerWD - Object target --->org.openqa.selenium.remote.RemoteWebDriver$RemoteTargetLocator@7ea2412c
10:43:54  INFO  manager.ListenerWD - ***********************
10:43:54  INFO  manager.ListenerWD - alert
10:43:54  INFO  manager.ListenerWD - ***********************
10:43:54  INFO  manager.ListenerWD - ***********************
10:43:54  INFO  manager.ListenerWD - ***********************
10:43:54  INFO  manager.ListenerWD - InvocationTargetException & getTargetExceptionorg.openqa.selenium.NoAlertPresentException: no such alert
  (Session info: chrome=112.0.5615.138)
Build info: version: '4.7.0', revision: '0a5b49d16f'
System info: os.name: 'Windows 11', os.arch: 'amd64', os.version: '10.0', java.version: '11.0.18'
Driver info: org.openqa.selenium.chrome.ChromeDriver
Command: [6ab7e2b6d4fe54d72ef758475eb3c146, getAlertText {}]
Capabilities {acceptInsecureCerts: false, browserName: chrome, browserVersion: 112.0.5615.138, chrome: {chromedriverVersion: 112.0.5615.49 (bd2a7bcb881c..., userDataDir: C:\Users\pv297\AppData\Loca...}, goog:chromeOptions: {debuggerAddress: localhost:60000}, networkConnectionEnabled: false, pageLoadStrategy: normal, platformName: WINDOWS, proxy: Proxy(), se:cdp: ws://localhost:60000/devtoo..., se:cdpVersion: 112.0.5615.138, setWindowRect: true, strictFileInteractability: false, timeouts: {implicit: 0, pageLoad: 300000, script: 30000}, unhandledPromptBehavior: dismiss and notify, webauthn:extension:credBlob: true, webauthn:extension:largeBlob: true, webauthn:extension:minPinLength: true, webauthn:extension:prf: true, webauthn:virtualAuthenticators: true}
Session ID: 6ab7e2b6d4fe54d72ef758475eb3c146
10:43:54  INFO  manager.ListenerWD - ***********************
10:43:54  INFO  manager.ListenerWD - Screen with error is --->src/test/screenshots/screen_1121.png
10:43:54  INFO  manager.ListenerWD - before Find Elements --->By.xpath: //button[text()='Sign Out']
10:43:59  INFO  manager.ListenerWD - after Find Elements --->By.xpath: //button[text()='Sign Out']
10:43:59  INFO  manager.ListenerWD - list of elements is --->0
10:43:59  INFO  manager.ListenerWD - before Find Element --->By.cssSelector: a[href='/login']
10:44:00  INFO  manager.ListenerWD - after Find Element --->By.cssSelector: a[href='/login']
10:44:00  INFO  manager.ListenerWD - Location of element(1169, 33)
10:44:00  INFO  manager.ListenerWD - before Find Element --->By.name: email
10:44:00  INFO  manager.ListenerWD - after Find Element --->By.name: email
10:44:00  INFO  manager.ListenerWD - Location of element(440, 281)
10:44:01  INFO  manager.ListenerWD - before Find Element --->By.xpath: //input[last()]
10:44:01  INFO  manager.ListenerWD - after Find Element --->By.xpath: //input[last()]
10:44:01  INFO  manager.ListenerWD - Location of element(440, 351)
10:44:02  INFO  manager.ListenerWD - before Find Element --->By.xpath: //button[text()='Login']
10:44:02  INFO  manager.ListenerWD - after Find Element --->By.xpath: //button[text()='Login']
10:44:02  INFO  manager.ListenerWD - Location of element(440, 421)
10:44:02  INFO  tests.TestBase - Name of method -->addNewContactSuccessRequiredFields
10:44:02  INFO  tests.TestBase - Tests run with data: --->Contact(name=Tom1865, lastName=Tomson, phone=3456781865, email=tomtom1865@gmail.com, address=Holon, description=)
10:44:02  INFO  manager.ListenerWD - before Find Element --->By.cssSelector: a[href='/add']
10:44:02  INFO  manager.ListenerWD - after Find Element --->By.cssSelector: a[href='/add']
10:44:03  INFO  manager.ListenerWD - Location of element(985, 34)
10:44:03  INFO  manager.ListenerWD - before Find Element --->By.cssSelector: [placeholder='Name']
10:44:03  INFO  manager.ListenerWD - after Find Element --->By.cssSelector: [placeholder='Name']
10:44:03  INFO  manager.ListenerWD - Location of element(201, 165)
10:44:03  INFO  manager.ListenerWD - before Find Element --->By.cssSelector: [placeholder='Last Name']
10:44:03  INFO  manager.ListenerWD - after Find Element --->By.cssSelector: [placeholder='Last Name']
10:44:03  INFO  manager.ListenerWD - Location of element(201, 238)
10:44:03  INFO  manager.ListenerWD - before Find Element --->By.cssSelector: [placeholder='Phone']
10:44:03  INFO  manager.ListenerWD - after Find Element --->By.cssSelector: [placeholder='Phone']
10:44:03  INFO  manager.ListenerWD - Location of element(201, 311)
10:44:04  INFO  manager.ListenerWD - before Find Element --->By.cssSelector: [placeholder='email']
10:44:04  INFO  manager.ListenerWD - after Find Element --->By.cssSelector: [placeholder='email']
10:44:04  INFO  manager.ListenerWD - Location of element(201, 385)
10:44:04  INFO  manager.ListenerWD - before Find Element --->By.cssSelector: [placeholder='Address']
10:44:04  INFO  manager.ListenerWD - after Find Element --->By.cssSelector: [placeholder='Address']
10:44:04  INFO  manager.ListenerWD - Location of element(201, 458)
10:44:04  INFO  manager.ListenerWD - before Find Element --->By.cssSelector: [placeholder='description']
10:44:04  INFO  manager.ListenerWD - after Find Element --->By.cssSelector: [placeholder='description']
10:44:04  INFO  manager.ListenerWD - Location of element(201, 531)
10:44:05  INFO  manager.ListenerWD - before Find Element --->By.cssSelector: .add_form__2rsm2>button
10:44:05  INFO  manager.ListenerWD - after Find Element --->By.cssSelector: .add_form__2rsm2>button
10:44:05  INFO  manager.ListenerWD - Location of element(204, 605)
10:44:05  INFO  manager.ListenerWD - before Find Element --->By.cssSelector: .add_form__2rsm2>button
10:44:05  INFO  manager.ListenerWD - after Find Element --->By.cssSelector: .add_form__2rsm2>button
10:44:05  INFO  manager.ListenerWD - Location of element(204, 553)
10:44:05  INFO  manager.ListenerWD - before Find Elements --->By.cssSelector: h2
10:44:06  INFO  manager.ListenerWD - after Find Elements --->By.cssSelector: h2
10:44:06  INFO  manager.ListenerWD - list of elements is --->5
10:44:06  INFO  manager.ListenerWD - before Find Elements --->By.cssSelector: h3
10:44:06  INFO  manager.ListenerWD - after Find Elements --->By.cssSelector: h3
10:44:06  INFO  manager.ListenerWD - list of elements is --->5
10:44:06  INFO  tests.TestBase - Name of method -->removeFirstContact
10:44:06  INFO  manager.ListenerWD - before Find Elements --->By.xpath: //button[text()='Sign Out']
10:44:06  INFO  manager.ListenerWD - after Find Elements --->By.xpath: //button[text()='Sign Out']
10:44:06  INFO  manager.ListenerWD - list of elements is --->1
10:44:06  INFO  manager.ListenerWD - before Find Elements --->By.cssSelector: .contact-item_card__2SOIM
10:44:06  INFO  manager.ListenerWD - after Find Elements --->By.cssSelector: .contact-item_card__2SOIM
10:44:06  INFO  manager.ListenerWD - list of elements is --->5
10:44:06  INFO  manager.ListenerWD - before Find Elements --->By.cssSelector: .contact-item_card__2SOIM
10:44:06  INFO  manager.ListenerWD - after Find Elements --->By.cssSelector: .contact-item_card__2SOIM
10:44:06  INFO  manager.ListenerWD - list of elements is --->5
10:44:06  INFO  manager.HelperBase - Number of contacts list before remove --->5
10:44:06  INFO  manager.ListenerWD - before Find Element --->By.cssSelector: .contact-item_card__2SOIM
10:44:06  INFO  manager.ListenerWD - after Find Element --->By.cssSelector: .contact-item_card__2SOIM
10:44:06  INFO  manager.ListenerWD - Location of element(192, 150)
10:44:06  INFO  manager.ListenerWD - before Find Element --->By.xpath: //button[text()='Remove']
10:44:06  INFO  manager.ListenerWD - after Find Element --->By.xpath: //button[text()='Remove']
10:44:06  INFO  manager.ListenerWD - Location of element(635, 370)
10:44:07  INFO  manager.ListenerWD - before Find Elements --->By.cssSelector: .contact-item_card__2SOIM
10:44:07  INFO  manager.ListenerWD - after Find Elements --->By.cssSelector: .contact-item_card__2SOIM
10:44:07  INFO  manager.ListenerWD - list of elements is --->4
10:44:07  INFO  manager.HelperBase - Number of contacts list after remove --->4
